0 info it worked if it ends with ok
1 verbose cli [ 'node', '/usr/local/bin/npm', 'publish' ]
2 info using npm@1.4.14
3 info using node@v0.10.29
4 verbose publish [ '.' ]
5 verbose cache add [ '.', null ]
6 verbose cache add name=undefined spec="." args=[".",null]
7 verbose parsed url { protocol: null,
7 verbose parsed url   slashes: null,
7 verbose parsed url   auth: null,
7 verbose parsed url   host: null,
7 verbose parsed url   port: null,
7 verbose parsed url   hostname: null,
7 verbose parsed url   hash: null,
7 verbose parsed url   search: null,
7 verbose parsed url   query: null,
7 verbose parsed url   pathname: '.',
7 verbose parsed url   path: '.',
7 verbose parsed url   href: '.' }
8 silly lockFile 3a52ce78- .
9 verbose lock . /Users/kopiro/.npm/3a52ce78-.lock
10 verbose tar pack [ '/Users/kopiro/.npm/ttsay/0.0.1/package.tgz', '.' ]
11 verbose tarball /Users/kopiro/.npm/ttsay/0.0.1/package.tgz
12 verbose folder .
13 info prepublish ttsay@0.0.1
14 silly lockFile 1f1177db-tar tar://.
15 verbose lock tar://. /Users/kopiro/.npm/1f1177db-tar.lock
16 silly lockFile 6a296880-piro-npm-ttsay-0-0-1-package-tgz tar:///Users/kopiro/.npm/ttsay/0.0.1/package.tgz
17 verbose lock tar:///Users/kopiro/.npm/ttsay/0.0.1/package.tgz /Users/kopiro/.npm/6a296880-piro-npm-ttsay-0-0-1-package-tgz.lock
18 silly lockFile 1f1177db-tar tar://.
19 silly lockFile 1f1177db-tar tar://.
20 silly lockFile 6a296880-piro-npm-ttsay-0-0-1-package-tgz tar:///Users/kopiro/.npm/ttsay/0.0.1/package.tgz
21 silly lockFile 6a296880-piro-npm-ttsay-0-0-1-package-tgz tar:///Users/kopiro/.npm/ttsay/0.0.1/package.tgz
22 silly lockFile de8167bb-s-kopiro-npm-ttsay-0-0-1-package /Users/kopiro/.npm/ttsay/0.0.1/package
23 verbose lock /Users/kopiro/.npm/ttsay/0.0.1/package /Users/kopiro/.npm/de8167bb-s-kopiro-npm-ttsay-0-0-1-package.lock
24 silly lockFile de8167bb-s-kopiro-npm-ttsay-0-0-1-package /Users/kopiro/.npm/ttsay/0.0.1/package
25 silly lockFile de8167bb-s-kopiro-npm-ttsay-0-0-1-package /Users/kopiro/.npm/ttsay/0.0.1/package
26 silly lockFile 3a52ce78- .
27 silly lockFile 3a52ce78- .
28 silly publish { name: 'ttsay',
28 silly publish   description: 'TTS for node.js',
28 silly publish   version: '0.0.1',
28 silly publish   author: { name: 'Flavio De Stefano' },
28 silly publish   repository:
28 silly publish    { type: 'git',
28 silly publish      url: 'http://github.com/kopiro/ttsay.nodejs.git' },
28 silly publish   dependencies: {},
28 silly publish   main: 'lib/ttsay',
28 silly publish   readme: '## TTSAY\n\nTTS (Text-To-Speech) in Node.JS using system native APIs.\n\n### Usage\n\n```javascript\n\nvar TTSay = require(\'ttsay\');\n\nTTSay.speak(\'Hi!\');\n\nTTSay.speak(\'Hello, with callback\', function() {\n    console.log("TTS ended");\n});\n```',
28 silly publish   readmeFilename: 'README.md',
28 silly publish   gitHead: 'b723d20e186379a0de99c0f4667a7925f9873dde',
28 silly publish   bugs: { url: 'https://github.com/kopiro/ttsay.nodejs/issues' },
28 silly publish   homepage: 'https://github.com/kopiro/ttsay.nodejs',
28 silly publish   _id: 'ttsay@0.0.1',
28 silly publish   scripts: {},
28 silly publish   _shasum: '8c54057396db3502bb5594b38fcfe06c92fead14',
28 silly publish   _from: '.' }
29 error need auth auth and email required for publishing
29 error need auth You need to authorize this machine using `npm adduser`
30 error System Darwin 14.0.0
31 error command "node" "/usr/local/bin/npm" "publish"
32 error cwd /Users/kopiro/Projects/Alaram/node_modules/ttsay
33 error node -v v0.10.29
34 error npm -v 1.4.14
35 error code ENEEDAUTH
36 verbose exit [ 1, true ]
